0 info it worked if it ends with ok
1 verbose cli [ '/usr/local/bin/node',
1 verbose cli   '/usr/local/bin/npm',
1 verbose cli   'publish',
1 verbose cli   '--tag',
1 verbose cli   '0.0.12' ]
2 info using npm@2.14.4
3 info using node@v4.1.1
4 verbose publish [ '.' ]
5 verbose stack Error: Tag name must not be a valid SemVer range: 0.0.12
5 verbose stack     at EventEmitter.publish (/usr/local/lib/node_modules/npm/lib/publish.js:41:14)
5 verbose stack     at Object.commandCache.(anonymous function) (/usr/local/lib/node_modules/npm/lib/npm.js:220:11)
5 verbose stack     at EventEmitter.<anonymous> (/usr/local/lib/node_modules/npm/bin/npm-cli.js:72:28)
5 verbose stack     at doNTCallback0 (node.js:407:9)
5 verbose stack     at process._tickCallback (node.js:336:13)
6 verbose cwd /Users/zhipeng/Development/wikiparser
7 error Darwin 15.0.0
8 error argv "/usr/local/bin/node" "/usr/local/bin/npm" "publish" "--tag" "0.0.12"
9 error node v4.1.1
10 error npm  v2.14.4
11 error Tag name must not be a valid SemVer range: 0.0.12
12 error If you need help, you may report this error at:
12 error     <https://github.com/npm/npm/issues>
13 verbose exit [ 1, true ]
